{"C:\\SourceCode\\Leippi\\e2e\\app\\src\\App.vue": {"path":"C:\\SourceCode\\Leippi\\e2e\\app\\src\\App.vue","statementMap":{"0":{"start":{"line":8,"column":0},"end":{"line":8,"column":null}}},"fnMap":{},"branchMap":{},"s":{"0":0},"f":{},"b":{}}
,"C:\\SourceCode\\Leippi\\e2e\\app\\src\\boot\\axios.ts": {"path":"C:\\SourceCode\\Leippi\\e2e\\app\\src\\boot\\axios.ts","statementMap":{"0":{"start":{"line":1,"column":0},"end":{"line":1,"column":null}},"1":{"start":{"line":2,"column":0},"end":{"line":2,"column":null}},"2":{"start":{"line":4,"column":0},"end":{"line":4,"column":4}}},"fnMap":{},"branchMap":{},"s":{"0":0,"1":0,"2":0},"f":{},"b":{}}
,"C:\\SourceCode\\Leippi\\e2e\\app\\src\\boot\\i18n.ts": {"path":"C:\\SourceCode\\Leippi\\e2e\\app\\src\\boot\\i18n.ts","statementMap":{"0":{"start":{"line":1,"column":0},"end":{"line":1,"column":null}},"1":{"start":{"line":2,"column":0},"end":{"line":2,"column":null}},"2":{"start":{"line":3,"column":0},"end":{"line":3,"column":null}},"3":{"start":{"line":6,"column":0},"end":{"line":6,"column":4}},"4":{"start":{"line":8,"column":13},"end":{"line":8,"column":17}},"5":{"start":{"line":14,"column":15},"end":{"line":17,"column":null}},"6":{"start":{"line":14,"column":52},"end":{"line":14,"column":51}},"7":{"start":{"line":16,"column":2},"end":{"line":16,"column":5}}},"fnMap":{"0":{"name":"_default","decl":{"start":{"line":14,"column":15},"end":{"line":14,"column":18}},"loc":{"start":{"line":14,"column":52},"end":{"line":17,"column":null}}}},"branchMap":{},"s":{"0":0,"1":0,"2":0,"3":0,"4":0,"5":0,"6":0,"7":0},"f":{"0":0},"b":{}}
,"C:\\SourceCode\\Leippi\\e2e\\app\\src\\i18n\\index.ts": {"path":"C:\\SourceCode\\Leippi\\e2e\\app\\src\\i18n\\index.ts","statementMap":{"0":{"start":{"line":1,"column":0},"end":{"line":1,"column":null}},"1":{"start":{"line":3,"column":15},"end":{"line":3,"column":null}}},"fnMap":{},"branchMap":{},"s":{"0":0,"1":0},"f":{},"b":{}}
,"C:\\SourceCode\\Leippi\\e2e\\app\\src\\i18n\\en-us\\index.ts": {"path":"C:\\SourceCode\\Leippi\\e2e\\app\\src\\i18n\\en-us\\index.ts","statementMap":{"0":{"start":{"line":4,"column":15},"end":{"line":4,"column":null}}},"fnMap":{},"branchMap":{},"s":{"0":0},"f":{},"b":{}}
,"C:\\SourceCode\\Leippi\\e2e\\app\\src\\layouts\\MyLayout.vue": {"path":"C:\\SourceCode\\Leippi\\e2e\\app\\src\\layouts\\MyLayout.vue","statementMap":{"0":{"start":{"line":94,"column":0},"end":{"line":94,"column":null}},"1":{"start":{"line":100,"column":0},"end":{"line":100,"column":null}}},"fnMap":{"0":{"name":"data","decl":{"start":{"line":99,"column":0},"end":{"line":99,"column":null}},"loc":{"start":{"line":99,"column":0},"end":{"line":103,"column":null}}}},"branchMap":{},"s":{"0":0,"1":0},"f":{"0":0},"b":{}}
,"C:\\SourceCode\\Leippi\\e2e\\app\\src\\modules\\book\\book.model.ts": {"path":"C:\\SourceCode\\Leippi\\e2e\\app\\src\\modules\\book\\book.model.ts","statementMap":{"0":{"start":{"line":1,"column":0},"end":{"line":1,"column":null}}},"fnMap":{},"branchMap":{},"s":{"0":0},"f":{},"b":{}}
,"C:\\SourceCode\\Leippi\\e2e\\app\\src\\modules\\book\\book.service.ts": {"path":"C:\\SourceCode\\Leippi\\e2e\\app\\src\\modules\\book\\book.service.ts","statementMap":{"0":{"start":{"line":1,"column":0},"end":{"line":1,"column":null}},"1":{"start":{"line":2,"column":0},"end":{"line":2,"column":null}},"2":{"start":{"line":6,"column":17},"end":{"line":6,"column":46}},"3":{"start":{"line":7,"column":2},"end":{"line":7,"column":null}},"4":{"start":{"line":12,"column":4},"end":{"line":12,"column":11}},"5":{"start":{"line":16,"column":4},"end":{"line":16,"column":11}},"6":{"start":{"line":20,"column":4},"end":{"line":20,"column":11}},"7":{"start":{"line":24,"column":4},"end":{"line":24,"column":11}},"8":{"start":{"line":28,"column":4},"end":{"line":28,"column":11}},"9":{"start":{"line":32,"column":15},"end":{"line":32,"column":19}}},"fnMap":{"0":{"name":"(anonymous_0)","decl":{"start":{"line":6,"column":17},"end":{"line":6,"column":46}},"loc":{"start":{"line":6,"column":17},"end":{"line":6,"column":46}}},"1":{"name":"BookService","decl":{"start":{"line":7,"column":2},"end":{"line":7,"column":null}},"loc":{"start":{"line":7,"column":2},"end":{"line":9,"column":null}}}},"branchMap":{},"s":{"0":0,"1":0,"2":0,"3":0,"4":0,"5":0,"6":0,"7":0,"8":0,"9":0},"f":{"0":0,"1":0},"b":{}}
,"C:\\SourceCode\\Leippi\\e2e\\app\\src\\pages\\Error404.vue": {"path":"C:\\SourceCode\\Leippi\\e2e\\app\\src\\pages\\Error404.vue","statementMap":{"0":{"start":{"line":20,"column":0},"end":{"line":20,"column":null}}},"fnMap":{},"branchMap":{},"s":{"0":0},"f":{},"b":{}}
,"C:\\SourceCode\\Leippi\\e2e\\app\\src\\pages\\Index.vue": {"path":"C:\\SourceCode\\Leippi\\e2e\\app\\src\\pages\\Index.vue","statementMap":{"0":{"start":{"line":8,"column":0},"end":{"line":8,"column":null}}},"fnMap":{},"branchMap":{},"s":{"0":0},"f":{},"b":{}}
,"C:\\SourceCode\\Leippi\\e2e\\app\\src\\router\\index.ts": {"path":"C:\\SourceCode\\Leippi\\e2e\\app\\src\\router\\index.ts","statementMap":{"0":{"start":{"line":1,"column":0},"end":{"line":1,"column":null}},"1":{"start":{"line":2,"column":0},"end":{"line":2,"column":null}},"2":{"start":{"line":4,"column":0},"end":{"line":4,"column":null}},"3":{"start":{"line":6,"column":0},"end":{"line":6,"column":4}},"4":{"start":{"line":14,"column":17},"end":{"line":14,"column":21}},"5":{"start":{"line":15,"column":20},"end":{"line":15,"column":27}},"6":{"start":{"line":25,"column":2},"end":{"line":25,"column":9}}},"fnMap":{"0":{"name":"_default","decl":{"start":{"line":13,"column":14},"end":{"line":13,"column":25}},"loc":{"start":{"line":13,"column":52},"end":{"line":26,"column":null}}},"1":{"name":"scrollBehavior","decl":{"start":{"line":15,"column":20},"end":{"line":15,"column":27}},"loc":{"start":{"line":15,"column":20},"end":{"line":15,"column":27}}}},"branchMap":{},"s":{"0":0,"1":0,"2":0,"3":0,"4":0,"5":0,"6":0},"f":{"0":0,"1":0},"b":{}}
,"C:\\SourceCode\\Leippi\\e2e\\app\\src\\router\\routes.ts": {"path":"C:\\SourceCode\\Leippi\\e2e\\app\\src\\router\\routes.ts","statementMap":{"0":{"start":{"line":3,"column":30},"end":{"line":3,"column":null}},"1":{"start":{"line":6,"column":15},"end":{"line":6,"column":28}},"2":{"start":{"line":8,"column":29},"end":{"line":8,"column":42}},"3":{"start":{"line":14,"column":0},"end":{"line":19,"column":null}},"4":{"start":{"line":15,"column":2},"end":{"line":15,"column":8}},"5":{"start":{"line":17,"column":15},"end":{"line":17,"column":28}},"6":{"start":{"line":21,"column":15},"end":{"line":21,"column":null}}},"fnMap":{"0":{"name":"component","decl":{"start":{"line":6,"column":15},"end":{"line":6,"column":28}},"loc":{"start":{"line":6,"column":15},"end":{"line":6,"column":28}}},"1":{"name":"component","decl":{"start":{"line":8,"column":29},"end":{"line":8,"column":42}},"loc":{"start":{"line":8,"column":29},"end":{"line":8,"column":42}}},"2":{"name":"component","decl":{"start":{"line":17,"column":15},"end":{"line":17,"column":28}},"loc":{"start":{"line":17,"column":15},"end":{"line":17,"column":28}}}},"branchMap":{"0":{"loc":{"start":{"line":14,"column":0},"end":{"line":19,"column":null}},"type":"if","locations":[{"start":{"line":14,"column":0},"end":{"line":19,"column":null}},{"start":{"line":14,"column":0},"end":{"line":19,"column":null}}]}},"s":{"0":0,"1":0,"2":0,"3":0,"4":0,"5":0,"6":0},"f":{"0":0,"1":0,"2":0},"b":{"0":[0,0]}}
,"C:\\SourceCode\\Leippi\\e2e\\app\\src\\store\\index.ts": {"path":"C:\\SourceCode\\Leippi\\e2e\\app\\src\\store\\index.ts","statementMap":{"0":{"start":{"line":1,"column":0},"end":{"line":1,"column":null}},"1":{"start":{"line":2,"column":0},"end":{"line":2,"column":null}},"2":{"start":{"line":4,"column":0},"end":{"line":4,"column":null}},"3":{"start":{"line":7,"column":0},"end":{"line":7,"column":4}},"4":{"start":{"line":15,"column":40},"end":{"line":15,"column":null}},"5":{"start":{"line":25,"column":15},"end":{"line":25,"column":19}}},"fnMap":{},"branchMap":{},"s":{"0":0,"1":0,"2":0,"3":0,"4":0,"5":0},"f":{},"b":{}}
,"C:\\SourceCode\\Leippi\\e2e\\app\\src\\store\\book\\actions.ts": {"path":"C:\\SourceCode\\Leippi\\e2e\\app\\src\\store\\book\\actions.ts","statementMap":{"0":{"start":{"line":5,"column":0},"end":{"line":5,"column":null}},"1":{"start":{"line":8,"column":59},"end":{"line":8,"column":null}},"2":{"start":{"line":9,"column":38},"end":{"line":9,"column":22}},"3":{"start":{"line":10,"column":4},"end":{"line":10,"column":11}}},"fnMap":{"0":{"name":"create","decl":{"start":{"line":8,"column":59},"end":{"line":8,"column":null}},"loc":{"start":{"line":9,"column":38},"end":{"line":11,"column":null}}}},"branchMap":{},"s":{"0":0,"1":0,"2":0,"3":0},"f":{"0":0},"b":{}}
,"C:\\SourceCode\\Leippi\\e2e\\app\\src\\store\\book\\getters.ts": {"path":"C:\\SourceCode\\Leippi\\e2e\\app\\src\\store\\book\\getters.ts","statementMap":{"0":{"start":{"line":5,"column":59},"end":{"line":5,"column":null}}},"fnMap":{},"branchMap":{},"s":{"0":0},"f":{},"b":{}}
,"C:\\SourceCode\\Leippi\\e2e\\app\\src\\store\\book\\index.ts": {"path":"C:\\SourceCode\\Leippi\\e2e\\app\\src\\store\\book\\index.ts","statementMap":{"0":{"start":{"line":2,"column":0},"end":{"line":2,"column":null}},"1":{"start":{"line":3,"column":0},"end":{"line":3,"column":null}},"2":{"start":{"line":4,"column":0},"end":{"line":4,"column":null}},"3":{"start":{"line":5,"column":0},"end":{"line":5,"column":null}},"4":{"start":{"line":9,"column":18},"end":{"line":9,"column":null}},"5":{"start":{"line":13,"column":28},"end":{"line":13,"column":null}},"6":{"start":{"line":15,"column":52},"end":{"line":15,"column":null}}},"fnMap":{},"branchMap":{},"s":{"0":0,"1":0,"2":0,"3":0,"4":0,"5":0,"6":0},"f":{},"b":{}}
,"C:\\SourceCode\\Leippi\\e2e\\app\\src\\store\\book\\mutations.ts": {"path":"C:\\SourceCode\\Leippi\\e2e\\app\\src\\store\\book\\mutations.ts","statementMap":{"0":{"start":{"line":4,"column":51},"end":{"line":4,"column":null}}},"fnMap":{},"branchMap":{},"s":{"0":0},"f":{},"b":{}}
,"C:\\SourceCode\\Leippi\\e2e\\app\\src\\store\\book\\state.ts": {"path":"C:\\SourceCode\\Leippi\\e2e\\app\\src\\store\\book\\state.ts","statementMap":{"0":{"start":{"line":1,"column":15},"end":{"line":1,"column":null}}},"fnMap":{},"branchMap":{},"s":{"0":0},"f":{},"b":{}}
}
