{"C:\\SourceCode\\Leippi\\e2e\\app\\src\\App.vue": {"path":"C:\\SourceCode\\Leippi\\e2e\\app\\src\\App.vue","statementMap":{"0":{"start":{"line":8,"column":0},"end":{"line":8,"column":null}}},"fnMap":{},"branchMap":{},"s":{"0":0},"f":{},"b":{}}
,"C:\\SourceCode\\Leippi\\e2e\\app\\src\\env.d.ts": {"path":"C:\\SourceCode\\Leippi\\e2e\\app\\src\\env.d.ts","statementMap":{},"fnMap":{},"branchMap":{},"s":{},"f":{},"b":{},"hash":"89676a3d61c06a23bc7c34cedef7a4c41d01b4b6"}
,"C:\\SourceCode\\Leippi\\e2e\\app\\src\\shims-vue.d.ts": {"path":"C:\\SourceCode\\Leippi\\e2e\\app\\src\\shims-vue.d.ts","statementMap":{},"fnMap":{},"branchMap":{},"s":{},"f":{},"b":{},"hash":"4b2c6bc595d62cbd75f6803fdaca450dab296d26"}
,"C:\\SourceCode\\Leippi\\e2e\\app\\src\\boot\\axios.ts": {"path":"C:\\SourceCode\\Leippi\\e2e\\app\\src\\boot\\axios.ts","statementMap":{"0":{"start":{"line":1,"column":0},"end":{"line":1,"column":21}},"1":{"start":{"line":2,"column":0},"end":{"line":2,"column":25}},"2":{"start":{"line":4,"column":0},"end":{"line":4,"column":null}}},"fnMap":{},"branchMap":{},"s":{"0":0,"1":0,"2":0},"f":{},"b":{}}
,"C:\\SourceCode\\Leippi\\e2e\\app\\src\\boot\\i18n.ts": {"path":"C:\\SourceCode\\Leippi\\e2e\\app\\src\\boot\\i18n.ts","statementMap":{"0":{"start":{"line":1,"column":0},"end":{"line":1,"column":21}},"1":{"start":{"line":2,"column":0},"end":{"line":2,"column":30}},"2":{"start":{"line":3,"column":0},"end":{"line":3,"column":31}},"3":{"start":{"line":6,"column":0},"end":{"line":6,"column":null}},"4":{"start":{"line":8,"column":13},"end":{"line":12,"column":2}},"5":{"start":{"line":19,"column":9},"end":{"line":19,"column":13}},"6":{"start":{"line":14,"column":0},"end":{"line":17,"column":null}},"7":{"start":{"line":16,"column":2},"end":{"line":16,"column":null}}},"fnMap":{"0":{"name":"(anonymous_0)","decl":{"start":{"line":14,"column":15},"end":{"line":14,"column":16}},"loc":{"start":{"line":14,"column":52},"end":{"line":17,"column":1}}}},"branchMap":{},"s":{"0":0,"1":0,"2":0,"3":0,"4":0,"5":0,"6":0,"7":0},"f":{"0":0},"b":{}}
,"C:\\SourceCode\\Leippi\\e2e\\app\\src\\i18n\\index.ts": {"path":"C:\\SourceCode\\Leippi\\e2e\\app\\src\\i18n\\index.ts","statementMap":{"0":{"start":{"line":1,"column":0},"end":{"line":1,"column":26}},"1":{"start":{"line":3,"column":0},"end":{"line":5,"column":null}}},"fnMap":{},"branchMap":{},"s":{"0":0,"1":0},"f":{},"b":{}}
,"C:\\SourceCode\\Leippi\\e2e\\app\\src\\i18n\\en-us\\index.ts": {"path":"C:\\SourceCode\\Leippi\\e2e\\app\\src\\i18n\\en-us\\index.ts","statementMap":{"0":{"start":{"line":4,"column":0},"end":{"line":7,"column":null}}},"fnMap":{},"branchMap":{},"s":{"0":0},"f":{},"b":{}}
,"C:\\SourceCode\\Leippi\\e2e\\app\\src\\layouts\\MyLayout.vue": {"path":"C:\\SourceCode\\Leippi\\e2e\\app\\src\\layouts\\MyLayout.vue","statementMap":{"0":{"start":{"line":94,"column":0},"end":{"line":94,"column":null}},"1":{"start":{"line":100,"column":0},"end":{"line":100,"column":null}}},"fnMap":{"0":{"name":"data","decl":{"start":{"line":99,"column":0},"end":{"line":99,"column":null}},"loc":{"start":{"line":99,"column":0},"end":{"line":103,"column":null}}}},"branchMap":{},"s":{"0":0,"1":0},"f":{"0":0},"b":{}}
,"C:\\SourceCode\\Leippi\\e2e\\app\\src\\modules\\base\\base.crud.service.ts": {"path":"C:\\SourceCode\\Leippi\\e2e\\app\\src\\modules\\base\\base.crud.service.ts","statementMap":{"0":{"start":{"line":1,"column":0},"end":{"line":1,"column":21}}},"fnMap":{},"branchMap":{},"s":{"0":0},"f":{},"b":{}}
,"C:\\SourceCode\\Leippi\\e2e\\app\\src\\modules\\base\\base.model.ts": {"path":"C:\\SourceCode\\Leippi\\e2e\\app\\src\\modules\\base\\base.model.ts","statementMap":{"0":{"start":{"line":6,"column":0},"end":{"line":6,"column":21}}},"fnMap":{},"branchMap":{},"s":{"0":0},"f":{},"b":{}}
,"C:\\SourceCode\\Leippi\\e2e\\app\\src\\modules\\book\\book.model.ts": {"path":"C:\\SourceCode\\Leippi\\e2e\\app\\src\\modules\\book\\book.model.ts","statementMap":{"0":{"start":{"line":1,"column":0},"end":{"line":1,"column":42}},"1":{"start":{"line":3,"column":0},"end":{"line":3,"column":21}}},"fnMap":{},"branchMap":{},"s":{"0":0,"1":0},"f":{},"b":{}}
,"C:\\SourceCode\\Leippi\\e2e\\app\\src\\modules\\book\\book.service.ts": {"path":"C:\\SourceCode\\Leippi\\e2e\\app\\src\\modules\\book\\book.service.ts","statementMap":{"0":{"start":{"line":1,"column":0},"end":{"line":1,"column":31}},"1":{"start":{"line":2,"column":0},"end":{"line":2,"column":55}},"2":{"start":{"line":6,"column":20},"end":{"line":30,"column":null}},"3":{"start":{"line":8,"column":4},"end":{"line":8,"column":null}},"4":{"start":{"line":12,"column":4},"end":{"line":12,"column":null}},"5":{"start":{"line":16,"column":4},"end":{"line":16,"column":null}},"6":{"start":{"line":20,"column":4},"end":{"line":20,"column":null}},"7":{"start":{"line":24,"column":4},"end":{"line":24,"column":null}},"8":{"start":{"line":28,"column":4},"end":{"line":28,"column":null}},"9":{"start":{"line":32,"column":0},"end":{"line":32,"column":null}}},"fnMap":{"0":{"name":"(anonymous_0)","decl":{"start":{"line":7,"column":2},"end":{"line":7,"column":null}},"loc":{"start":{"line":7,"column":2},"end":{"line":9,"column":3}}},"1":{"name":"(anonymous_1)","decl":{"start":{"line":11,"column":2},"end":{"line":11,"column":5}},"loc":{"start":{"line":11,"column":5},"end":{"line":13,"column":3}}},"2":{"name":"(anonymous_2)","decl":{"start":{"line":15,"column":2},"end":{"line":15,"column":9}},"loc":{"start":{"line":15,"column":21},"end":{"line":17,"column":3}}},"3":{"name":"(anonymous_3)","decl":{"start":{"line":19,"column":2},"end":{"line":19,"column":8}},"loc":{"start":{"line":19,"column":26},"end":{"line":21,"column":3}}},"4":{"name":"(anonymous_4)","decl":{"start":{"line":23,"column":2},"end":{"line":23,"column":8}},"loc":{"start":{"line":23,"column":26},"end":{"line":25,"column":3}}},"5":{"name":"(anonymous_5)","decl":{"start":{"line":27,"column":2},"end":{"line":27,"column":8}},"loc":{"start":{"line":27,"column":20},"end":{"line":29,"column":3}}}},"branchMap":{},"s":{"0":0,"1":0,"2":0,"3":0,"4":0,"5":0,"6":0,"7":0,"8":0,"9":0},"f":{"0":0,"1":0,"2":0,"3":0,"4":0,"5":0},"b":{}}
,"C:\\SourceCode\\Leippi\\e2e\\app\\src\\modules\\book\\components\\Book.vue": {"path":"C:\\SourceCode\\Leippi\\e2e\\app\\src\\modules\\book\\components\\Book.vue","statementMap":{"0":{"start":{"line":8,"column":0},"end":{"line":8,"column":null}}},"fnMap":{},"branchMap":{},"s":{"0":1},"f":{},"b":{}}
,"C:\\SourceCode\\Leippi\\e2e\\app\\src\\pages\\Error404.vue": {"path":"C:\\SourceCode\\Leippi\\e2e\\app\\src\\pages\\Error404.vue","statementMap":{"0":{"start":{"line":20,"column":0},"end":{"line":20,"column":null}}},"fnMap":{},"branchMap":{},"s":{"0":0},"f":{},"b":{}}
,"C:\\SourceCode\\Leippi\\e2e\\app\\src\\pages\\Index.vue": {"path":"C:\\SourceCode\\Leippi\\e2e\\app\\src\\pages\\Index.vue","statementMap":{"0":{"start":{"line":10,"column":0},"end":{"line":10,"column":null}},"1":{"start":{"line":11,"column":0},"end":{"line":11,"column":null}}},"fnMap":{},"branchMap":{},"s":{"0":0,"1":0},"f":{},"b":{}}
,"C:\\SourceCode\\Leippi\\e2e\\app\\src\\router\\index.ts": {"path":"C:\\SourceCode\\Leippi\\e2e\\app\\src\\router\\index.ts","statementMap":{"0":{"start":{"line":1,"column":0},"end":{"line":1,"column":21}},"1":{"start":{"line":2,"column":0},"end":{"line":2,"column":34}},"2":{"start":{"line":4,"column":0},"end":{"line":4,"column":29}},"3":{"start":{"line":6,"column":0},"end":{"line":6,"column":null}},"4":{"start":{"line":14,"column":17},"end":{"line":23,"column":4}},"5":{"start":{"line":15,"column":27},"end":{"line":15,"column":41}},"6":{"start":{"line":25,"column":2},"end":{"line":25,"column":null}},"7":{"start":{"line":13,"column":0},"end":{"line":13,"column":25}}},"fnMap":{"0":{"name":"default_1","decl":{"start":{"line":13,"column":0},"end":{"line":13,"column":25}},"loc":{"start":{"line":13,"column":52},"end":{"line":26,"column":1}}},"1":{"name":"(anonymous_1)","decl":{"start":{"line":15,"column":20},"end":{"line":15,"column":23}},"loc":{"start":{"line":15,"column":27},"end":{"line":15,"column":41}}}},"branchMap":{},"s":{"0":0,"1":0,"2":0,"3":0,"4":0,"5":0,"6":0,"7":0},"f":{"0":0,"1":0},"b":{}}
,"C:\\SourceCode\\Leippi\\e2e\\app\\src\\router\\routes.ts": {"path":"C:\\SourceCode\\Leippi\\e2e\\app\\src\\router\\routes.ts","statementMap":{"0":{"start":{"line":3,"column":30},"end":{"line":11,"column":null}},"1":{"start":{"line":6,"column":20},"end":{"line":6,"column":51}},"2":{"start":{"line":8,"column":34},"end":{"line":8,"column":60}},"3":{"start":{"line":14,"column":0},"end":{"line":19,"column":null}},"4":{"start":{"line":15,"column":2},"end":{"line":18,"column":null}},"5":{"start":{"line":17,"column":20},"end":{"line":17,"column":49}},"6":{"start":{"line":21,"column":0},"end":{"line":21,"column":null}}},"fnMap":{"0":{"name":"(anonymous_0)","decl":{"start":{"line":6,"column":15},"end":{"line":6,"column":18}},"loc":{"start":{"line":6,"column":20},"end":{"line":6,"column":51}}},"1":{"name":"(anonymous_1)","decl":{"start":{"line":6,"column":20},"end":{"line":6,"column":28}},"loc":{"start":{"line":6,"column":20},"end":{"line":6,"column":51}}},"2":{"name":"(anonymous_2)","decl":{"start":{"line":8,"column":29},"end":{"line":8,"column":32}},"loc":{"start":{"line":8,"column":34},"end":{"line":8,"column":60}}},"3":{"name":"(anonymous_3)","decl":{"start":{"line":8,"column":34},"end":{"line":8,"column":42}},"loc":{"start":{"line":8,"column":34},"end":{"line":8,"column":60}}},"4":{"name":"(anonymous_4)","decl":{"start":{"line":17,"column":15},"end":{"line":17,"column":18}},"loc":{"start":{"line":17,"column":20},"end":{"line":17,"column":49}}},"5":{"name":"(anonymous_5)","decl":{"start":{"line":17,"column":20},"end":{"line":17,"column":28}},"loc":{"start":{"line":17,"column":20},"end":{"line":17,"column":49}}}},"branchMap":{"0":{"loc":{"start":{"line":14,"column":0},"end":{"line":19,"column":null}},"type":"if","locations":[{"start":{"line":14,"column":0},"end":{"line":19,"column":null}},{"start":{"line":14,"column":0},"end":{"line":19,"column":null}}]}},"s":{"0":0,"1":0,"2":0,"3":0,"4":0,"5":0,"6":0},"f":{"0":0,"1":0,"2":0,"3":0,"4":0,"5":0},"b":{"0":[0,0]}}
,"C:\\SourceCode\\Leippi\\e2e\\app\\src\\store\\index.ts": {"path":"C:\\SourceCode\\Leippi\\e2e\\app\\src\\store\\index.ts","statementMap":{"0":{"start":{"line":1,"column":0},"end":{"line":1,"column":21}},"1":{"start":{"line":2,"column":0},"end":{"line":2,"column":41}},"2":{"start":{"line":4,"column":0},"end":{"line":4,"column":29}},"3":{"start":{"line":7,"column":0},"end":{"line":7,"column":null}},"4":{"start":{"line":15,"column":40},"end":{"line":23,"column":null}},"5":{"start":{"line":25,"column":0},"end":{"line":25,"column":49}}},"fnMap":{},"branchMap":{},"s":{"0":0,"1":0,"2":0,"3":0,"4":0,"5":0},"f":{},"b":{}}
,"C:\\SourceCode\\Leippi\\e2e\\app\\src\\store\\book\\actions.ts": {"path":"C:\\SourceCode\\Leippi\\e2e\\app\\src\\store\\book\\actions.ts","statementMap":{"0":{"start":{"line":5,"column":0},"end":{"line":5,"column":56}},"1":{"start":{"line":8,"column":13},"end":{"line":12,"column":null}},"2":{"start":{"line":10,"column":4},"end":{"line":10,"column":null}}},"fnMap":{"0":{"name":"(anonymous_0)","decl":{"start":{"line":9,"column":2},"end":{"line":9,"column":8}},"loc":{"start":{"line":9,"column":38},"end":{"line":11,"column":3}}}},"branchMap":{},"s":{"0":0,"1":0,"2":0},"f":{"0":0},"b":{}}
,"C:\\SourceCode\\Leippi\\e2e\\app\\src\\store\\book\\getters.ts": {"path":"C:\\SourceCode\\Leippi\\e2e\\app\\src\\store\\book\\getters.ts","statementMap":{"0":{"start":{"line":5,"column":13},"end":{"line":7,"column":null}}},"fnMap":{},"branchMap":{},"s":{"0":0},"f":{},"b":{}}
,"C:\\SourceCode\\Leippi\\e2e\\app\\src\\store\\book\\index.ts": {"path":"C:\\SourceCode\\Leippi\\e2e\\app\\src\\store\\book\\index.ts","statementMap":{"0":{"start":{"line":2,"column":0},"end":{"line":2,"column":31}},"1":{"start":{"line":3,"column":0},"end":{"line":3,"column":35}},"2":{"start":{"line":4,"column":0},"end":{"line":4,"column":39}},"3":{"start":{"line":5,"column":0},"end":{"line":5,"column":35}},"4":{"start":{"line":9,"column":13},"end":{"line":10,"column":null}},"5":{"start":{"line":13,"column":28},"end":{"line":13,"column":32}},"6":{"start":{"line":15,"column":13},"end":{"line":21,"column":null}}},"fnMap":{},"branchMap":{},"s":{"0":0,"1":0,"2":0,"3":0,"4":0,"5":0,"6":0},"f":{},"b":{}}
,"C:\\SourceCode\\Leippi\\e2e\\app\\src\\store\\book\\mutations.ts": {"path":"C:\\SourceCode\\Leippi\\e2e\\app\\src\\store\\book\\mutations.ts","statementMap":{"0":{"start":{"line":4,"column":13},"end":{"line":5,"column":null}}},"fnMap":{},"branchMap":{},"s":{"0":0},"f":{},"b":{}}
,"C:\\SourceCode\\Leippi\\e2e\\app\\src\\store\\book\\state.ts": {"path":"C:\\SourceCode\\Leippi\\e2e\\app\\src\\store\\book\\state.ts","statementMap":{"0":{"start":{"line":1,"column":0},"end":{"line":2,"column":null}}},"fnMap":{},"branchMap":{},"s":{"0":0},"f":{},"b":{}}
}
