TN:
SF:C:\SourceCode\Leippi\e2e\app\src\App.vue
FNF:0
FNH:0
DA:8,0
LF:1
LH:0
BRF:0
BRH:0
end_of_record
TN:
SF:C:\SourceCode\Leippi\e2e\app\src\boot\axios.ts
FNF:0
FNH:0
DA:1,0
DA:2,0
DA:4,0
LF:3
LH:0
BRF:0
BRH:0
end_of_record
TN:
SF:C:\SourceCode\Leippi\e2e\app\src\boot\i18n.ts
FN:14,_default
FNF:1
FNH:0
FNDA:0,_default
DA:1,0
DA:2,0
DA:3,0
DA:6,0
DA:8,0
DA:14,0
DA:16,0
LF:7
LH:0
BRF:0
BRH:0
end_of_record
TN:
SF:C:\SourceCode\Leippi\e2e\app\src\i18n\index.ts
FNF:0
FNH:0
DA:1,0
DA:3,0
LF:2
LH:0
BRF:0
BRH:0
end_of_record
TN:
SF:C:\SourceCode\Leippi\e2e\app\src\i18n\en-us\index.ts
FNF:0
FNH:0
DA:4,0
LF:1
LH:0
BRF:0
BRH:0
end_of_record
TN:
SF:C:\SourceCode\Leippi\e2e\app\src\layouts\MyLayout.vue
FN:99,data
FNF:1
FNH:0
FNDA:0,data
DA:94,0
DA:100,0
LF:2
LH:0
BRF:0
BRH:0
end_of_record
TN:
SF:C:\SourceCode\Leippi\e2e\app\src\modules\book\book.model.ts
FNF:0
FNH:0
DA:1,0
LF:1
LH:0
BRF:0
BRH:0
end_of_record
TN:
SF:C:\SourceCode\Leippi\e2e\app\src\modules\book\book.service.ts
FN:6,(anonymous_0)
FN:7,BookService
FNF:2
FNH:0
FNDA:0,(anonymous_0)
FNDA:0,BookService
DA:1,0
DA:2,0
DA:6,0
DA:7,0
DA:12,0
DA:16,0
DA:20,0
DA:24,0
DA:28,0
DA:32,0
LF:10
LH:0
BRF:0
BRH:0
end_of_record
TN:
SF:C:\SourceCode\Leippi\e2e\app\src\pages\Error404.vue
FNF:0
FNH:0
DA:20,0
LF:1
LH:0
BRF:0
BRH:0
end_of_record
TN:
SF:C:\SourceCode\Leippi\e2e\app\src\pages\Index.vue
FNF:0
FNH:0
DA:8,0
LF:1
LH:0
BRF:0
BRH:0
end_of_record
TN:
SF:C:\SourceCode\Leippi\e2e\app\src\router\index.ts
FN:13,_default
FN:15,scrollBehavior
FNF:2
FNH:0
FNDA:0,_default
FNDA:0,scrollBehavior
DA:1,0
DA:2,0
DA:4,0
DA:6,0
DA:14,0
DA:15,0
DA:25,0
LF:7
LH:0
BRF:0
BRH:0
end_of_record
TN:
SF:C:\SourceCode\Leippi\e2e\app\src\router\routes.ts
FN:6,component
FN:8,component
FN:17,component
FNF:3
FNH:0
FNDA:0,component
FNDA:0,component
FNDA:0,component
DA:3,0
DA:6,0
DA:8,0
DA:14,0
DA:15,0
DA:17,0
DA:21,0
LF:7
LH:0
BRDA:14,0,0,0
BRDA:14,0,1,0
BRF:2
BRH:0
end_of_record
TN:
SF:C:\SourceCode\Leippi\e2e\app\src\store\index.ts
FNF:0
FNH:0
DA:1,0
DA:2,0
DA:4,0
DA:7,0
DA:15,0
DA:25,0
LF:6
LH:0
BRF:0
BRH:0
end_of_record
TN:
SF:C:\SourceCode\Leippi\e2e\app\src\store\book\actions.ts
FN:8,create
FNF:1
FNH:0
FNDA:0,create
DA:5,0
DA:8,0
DA:9,0
DA:10,0
LF:4
LH:0
BRF:0
BRH:0
end_of_record
TN:
SF:C:\SourceCode\Leippi\e2e\app\src\store\book\getters.ts
FNF:0
FNH:0
DA:5,0
LF:1
LH:0
BRF:0
BRH:0
end_of_record
TN:
SF:C:\SourceCode\Leippi\e2e\app\src\store\book\index.ts
FNF:0
FNH:0
DA:2,0
DA:3,0
DA:4,0
DA:5,0
DA:9,0
DA:13,0
DA:15,0
LF:7
LH:0
BRF:0
BRH:0
end_of_record
TN:
SF:C:\SourceCode\Leippi\e2e\app\src\store\book\mutations.ts
FNF:0
FNH:0
DA:4,0
LF:1
LH:0
BRF:0
BRH:0
end_of_record
TN:
SF:C:\SourceCode\Leippi\e2e\app\src\store\book\state.ts
FNF:0
FNH:0
DA:1,0
LF:1
LH:0
BRF:0
BRH:0
end_of_record
